<?xml version="1.0" encoding="UTF-8"?>
<robot generator="Robot 3.0.2 (Python 3.6.2 on win32)" generated="20171217 16:58:45.788">
<suite id="s1" name="LemonClassRF" source="C:\Users\PEPSI\git\LemonClassRF">
<suite id="s1-s1" name="测试用例" source="C:\Users\PEPSI\git\LemonClassRF\测试用例">
<suite id="s1-s1-s1" name="投标-测试用例" source="C:\Users\PEPSI\git\LemonClassRF\测试用例\投标-测试用例.robot">
<test id="s1-s1-s1-t1" name="通过点击抢投标按钮进入投标信息界面进行合规金额投标">
<kw name="登录" library="登录页" type="setup">
<arguments>
<arg>${登录地址}</arg>
<arg>${登录用户名}</arg>
<arg>${登录密码}</arg>
</arguments>
<kw name="Open Browser" library="SeleniumLibrary">
<doc>Opens a new browser instance to the given ``url``.</doc>
<arguments>
<arg>${url}</arg>
<arg>Chrome</arg>
</arguments>
<msg timestamp="20171217 16:58:46.009" level="INFO">Opening browser 'Chrome' to base url 'http://120.76.42.189:8765/Index/login.html'.</msg>
<status status="PASS" starttime="20171217 16:58:46.009" endtime="20171217 16:58:51.329"></status>
</kw>
<kw name="Maximize Browser Window" library="SeleniumLibrary">
<doc>Maximizes current browser window.</doc>
<status status="PASS" starttime="20171217 16:58:51.331" endtime="20171217 16:58:52.500"></status>
</kw>
<kw name="Wait Until Element Is Visible" library="SeleniumLibrary">
<doc>Waits until element ``locator`` is visible.</doc>
<arguments>
<arg>${登录页-用户名输入框}</arg>
<arg>30</arg>
</arguments>
<status status="PASS" starttime="20171217 16:58:52.501" endtime="20171217 16:58:52.547"></status>
</kw>
<kw name="Input Text" library="SeleniumLibrary">
<doc>Types the given ``text`` into text field identified by ``locator``.</doc>
<arguments>
<arg>${登录页-用户名输入框}</arg>
<arg>${username}</arg>
</arguments>
<msg timestamp="20171217 16:58:52.548" level="INFO">Typing text '15815541763' into text field '//*[@name='phone']'.</msg>
<status status="PASS" starttime="20171217 16:58:52.548" endtime="20171217 16:58:52.666"></status>
</kw>
<kw name="Input Text" library="SeleniumLibrary">
<doc>Types the given ``text`` into text field identified by ``locator``.</doc>
<arguments>
<arg>${登录页-密码输入框}</arg>
<arg>${password}</arg>
</arguments>
<msg timestamp="20171217 16:58:52.667" level="INFO">Typing text 'tudou111111' into text field '//*[@name='password']'.</msg>
<status status="PASS" starttime="20171217 16:58:52.667" endtime="20171217 16:58:52.790"></status>
</kw>
<kw name="Click Button" library="SeleniumLibrary">
<doc>Clicks button identified by ``locator``.</doc>
<arguments>
<arg>${登录页-登录按钮}</arg>
</arguments>
<msg timestamp="20171217 16:58:52.791" level="INFO">Clicking button '//button[text()='登录']'.</msg>
<status status="PASS" starttime="20171217 16:58:52.791" endtime="20171217 16:58:52.900"></status>
</kw>
<status status="PASS" starttime="20171217 16:58:46.008" endtime="20171217 16:58:52.900"></status>
</kw>
<kw name="Comment" library="BuiltIn">
<doc>Displays the given messages in the log file as keyword arguments.</doc>
<arguments>
<arg>获取投资前余额</arg>
</arguments>
<status status="PASS" starttime="20171217 16:58:52.901" endtime="20171217 16:58:52.901"></status>
</kw>
<kw name="点击我的账户按钮进入我的账户页面" library="首页">
<kw name="Wait Until Page Contains Element" library="SeleniumLibrary">
<doc>Waits until element ``locator`` appears on current page.</doc>
<arguments>
<arg>${首页-我的账户按钮}</arg>
</arguments>
<status status="PASS" starttime="20171217 16:58:52.902" endtime="20171217 16:58:58.545"></status>
</kw>
<kw name="Click Element" library="SeleniumLibrary">
<doc>Click element identified by ``locator``.</doc>
<arguments>
<arg>${首页-我的账户按钮}</arg>
</arguments>
<msg timestamp="20171217 16:58:58.547" level="INFO">Clicking element '//a[@href='/Member/index.html']'.</msg>
<status status="PASS" starttime="20171217 16:58:58.546" endtime="20171217 16:59:00.912"></status>
</kw>
<status status="PASS" starttime="20171217 16:58:52.901" endtime="20171217 16:59:00.912"></status>
</kw>
<kw name="获取余额" library="我的账户页">
<assign>
<var>${投资前余额}</var>
</assign>
<kw name="Wait Until Element Is Visible" library="SeleniumLibrary">
<doc>Waits until element ``locator`` is visible.</doc>
<arguments>
<arg>${我的账户页面-我的余额}</arg>
</arguments>
<status status="PASS" starttime="20171217 16:59:00.913" endtime="20171217 16:59:00.950"></status>
</kw>
<kw name="Get Text" library="SeleniumLibrary">
<doc>Returns the text value of element identified by ``locator``.</doc>
<arguments>
<arg>${我的账户页面-我的余额}</arg>
</arguments>
<assign>
<var>${余额_包含元字}</var>
</assign>
<msg timestamp="20171217 16:59:00.980" level="INFO">${余额_包含元字} = 88945300.00元</msg>
<status status="PASS" starttime="20171217 16:59:00.951" endtime="20171217 16:59:00.980"></status>
</kw>
<kw name="Split String" library="String">
<doc>Splits the ``string`` using ``separator`` as a delimiter string.</doc>
<arguments>
<arg>${余额_包含元字}</arg>
<arg>元</arg>
</arguments>
<assign>
<var>@{余额}</var>
</assign>
<msg timestamp="20171217 16:59:00.981" level="INFO">@{余额} = [ 88945300.00 |  ]</msg>
<status status="PASS" starttime="20171217 16:59:00.981" endtime="20171217 16:59:00.982"></status>
</kw>
<msg timestamp="20171217 16:59:00.982" level="INFO">${投资前余额} = 88945300.00</msg>
<status status="PASS" starttime="20171217 16:59:00.913" endtime="20171217 16:59:00.982"></status>
</kw>
<kw name="Sleep" library="BuiltIn">
<doc>Pauses the test executed for the given time.</doc>
<arguments>
<arg>0.5</arg>
</arguments>
<msg timestamp="20171217 16:59:01.483" level="INFO">Slept 500 milliseconds</msg>
<status status="PASS" starttime="20171217 16:59:00.983" endtime="20171217 16:59:01.484"></status>
</kw>
<kw name="Go Back" library="SeleniumLibrary">
<doc>Simulates the user clicking the back button on their browser.</doc>
<status status="PASS" starttime="20171217 16:59:01.485" endtime="20171217 16:59:01.874"></status>
</kw>
<kw name="Comment" library="BuiltIn">
<doc>Displays the given messages in the log file as keyword arguments.</doc>
<arguments>
<arg>验证投标提示文字是否正确</arg>
</arguments>
<status status="PASS" starttime="20171217 16:59:01.875" endtime="20171217 16:59:01.875"></status>
</kw>
<kw name="通过传入标名点击该标名下方的抢投标按钮" library="首页">
<arguments>
<arg>${标名}</arg>
</arguments>
<kw name="Replace String" library="String">
<doc>Replaces ``search_for`` in the given ``string`` with ``replace_with``.</doc>
<arguments>
<arg>${首页-抢投标按钮}</arg>
<arg>%s</arg>
<arg>${bid_name}</arg>
</arguments>
<assign>
<var>${抢投标按钮-新}</var>
</assign>
<msg timestamp="20171217 16:59:01.876" level="INFO">${抢投标按钮-新} = //span[contains(text(),'RF')]/ancestor::a/following-sibling::div//a[text()='抢投标']</msg>
<status status="PASS" starttime="20171217 16:59:01.876" endtime="20171217 16:59:01.877"></status>
</kw>
<kw name="Wait Until Page Contains Element" library="SeleniumLibrary">
<doc>Waits until element ``locator`` appears on current page.</doc>
<arguments>
<arg>${抢投标按钮-新}</arg>
</arguments>
<status status="PASS" starttime="20171217 16:59:01.877" endtime="20171217 16:59:01.899"></status>
</kw>
<kw name="Focus" library="SeleniumLibrary">
<doc>Deprecated. Use `Set Focus To Element` instead.</doc>
<arguments>
<arg>${抢投标按钮-新}</arg>
</arguments>
<status status="PASS" starttime="20171217 16:59:01.900" endtime="20171217 16:59:01.917"></status>
</kw>
<kw name="Click Element" library="SeleniumLibrary">
<doc>Click element identified by ``locator``.</doc>
<arguments>
<arg>${抢投标按钮-新}</arg>
</arguments>
<msg timestamp="20171217 16:59:01.918" level="INFO">Clicking element '//span[contains(text(),'RF')]/ancestor::a/following-sibling::div//a[text()='抢投标']'.</msg>
<status status="PASS" starttime="20171217 16:59:01.917" endtime="20171217 16:59:03.453"></status>
</kw>
<status status="PASS" starttime="20171217 16:59:01.875" endtime="20171217 16:59:03.453"></status>
</kw>
<kw name="Sleep" library="BuiltIn">
<doc>Pauses the test executed for the given time.</doc>
<arguments>
<arg>0.5</arg>
</arguments>
<msg timestamp="20171217 16:59:03.954" level="INFO">Slept 500 milliseconds</msg>
<status status="PASS" starttime="20171217 16:59:03.454" endtime="20171217 16:59:03.954"></status>
</kw>
<kw name="获取完整标名" library="投标信息页">
<assign>
<var>${此次投标完整标名}</var>
</assign>
<kw name="Wait Until Element Is Visible" library="SeleniumLibrary">
<doc>Waits until element ``locator`` is visible.</doc>
<arguments>
<arg>${投标信息页面-标名}</arg>
<arg>30</arg>
</arguments>
<status status="PASS" starttime="20171217 16:59:03.955" endtime="20171217 16:59:03.997"></status>
</kw>
<kw name="Get Text" library="SeleniumLibrary">
<doc>Returns the text value of element identified by ``locator``.</doc>
<arguments>
<arg>${投标信息页面-标名}</arg>
</arguments>
<assign>
<var>${完整标名}</var>
</assign>
<msg timestamp="20171217 16:59:04.029" level="INFO">${完整标名} = RF专用</msg>
<status status="PASS" starttime="20171217 16:59:03.998" endtime="20171217 16:59:04.029"></status>
</kw>
<msg timestamp="20171217 16:59:04.029" level="INFO">${此次投标完整标名} = RF专用</msg>
<status status="PASS" starttime="20171217 16:59:03.955" endtime="20171217 16:59:04.029"></status>
</kw>
<kw name="正常投标并获取投标时间" library="投标信息页">
<arguments>
<arg>${投标金额}</arg>
</arguments>
<assign>
<var>@{此次投标时间}</var>
</assign>
<kw name="Wait Until Page Contains Element" library="SeleniumLibrary">
<doc>Waits until element ``locator`` appears on current page.</doc>
<arguments>
<arg>${投标信息页面-投标金额}</arg>
<arg>30</arg>
</arguments>
<status status="PASS" starttime="20171217 16:59:04.030" endtime="20171217 16:59:04.050"></status>
</kw>
<kw name="Focus" library="SeleniumLibrary">
<doc>Deprecated. Use `Set Focus To Element` instead.</doc>
<arguments>
<arg>${投标信息页面-投标金额}</arg>
</arguments>
<status status="PASS" starttime="20171217 16:59:04.050" endtime="20171217 16:59:04.066"></status>
</kw>
<kw name="Input Text" library="SeleniumLibrary">
<doc>Types the given ``text`` into text field identified by ``locator``.</doc>
<arguments>
<arg>${投标信息页面-投标金额}</arg>
<arg>${money}</arg>
</arguments>
<msg timestamp="20171217 16:59:04.067" level="INFO">Typing text '1000' into text field '//input[@data-url='/Invest/invest']'.</msg>
<status status="PASS" starttime="20171217 16:59:04.066" endtime="20171217 16:59:04.160"></status>
</kw>
<kw name="Focus" library="SeleniumLibrary">
<doc>Deprecated. Use `Set Focus To Element` instead.</doc>
<arguments>
<arg>${投标信息页面-投标金额下方投标按钮}</arg>
</arguments>
<status status="PASS" starttime="20171217 16:59:04.160" endtime="20171217 16:59:04.189"></status>
</kw>
<kw name="Click Button" library="SeleniumLibrary">
<doc>Clicks button identified by ``locator``.</doc>
<arguments>
<arg>${投标信息页面-投标金额下方投标按钮}</arg>
</arguments>
<msg timestamp="20171217 16:59:04.190" level="INFO">Clicking button '//button[text()='投标']'.</msg>
<status status="PASS" starttime="20171217 16:59:04.189" endtime="20171217 16:59:04.280"></status>
</kw>
<kw name="Get Current Date" library="DateTime">
<doc>Returns current local or UTC time with an optional increment.</doc>
<arguments>
<arg>result_format=%Y-%m-%d %H:%M</arg>
</arguments>
<assign>
<var>${调整格式前投标日期及时间}</var>
</assign>
<msg timestamp="20171217 16:59:04.281" level="INFO">${调整格式前投标日期及时间} = 2017-12-17 16:59</msg>
<status status="PASS" starttime="20171217 16:59:04.281" endtime="20171217 16:59:04.281"></status>
</kw>
<kw name="Split String" library="String">
<doc>Splits the ``string`` using ``separator`` as a delimiter string.</doc>
<arguments>
<arg>${调整格式前投标日期及时间} ${EMPTY}</arg>
</arguments>
<assign>
<var>@{调整格式后投标日期及时间}</var>
</assign>
<msg timestamp="20171217 16:59:04.282" level="INFO">@{调整格式后投标日期及时间} = [ 2017-12-17 | 16:59 ]</msg>
<status status="PASS" starttime="20171217 16:59:04.282" endtime="20171217 16:59:04.282"></status>
</kw>
<msg timestamp="20171217 16:59:04.283" level="INFO">@{此次投标时间} = [ 2017-12-17 | 16:59 ]</msg>
<status status="PASS" starttime="20171217 16:59:04.030" endtime="20171217 16:59:04.283"></status>
</kw>
<kw name="Sleep" library="BuiltIn">
<doc>Pauses the test executed for the given time.</doc>
<arguments>
<arg>0.5</arg>
</arguments>
<msg timestamp="20171217 16:59:04.784" level="INFO">Slept 500 milliseconds</msg>
<status status="PASS" starttime="20171217 16:59:04.283" endtime="20171217 16:59:04.784"></status>
</kw>
<kw name="获取投标成功提示" library="投标信息页">
<assign>
<var>${投标成功提示文字}</var>
</assign>
<kw name="Wait Until Element Is Visible" library="SeleniumLibrary">
<doc>Waits until element ``locator`` is visible.</doc>
<arguments>
<arg>${投标信息页面-投标成功提示文字}</arg>
<arg>30</arg>
</arguments>
<status status="PASS" starttime="20171217 16:59:04.785" endtime="20171217 16:59:04.827"></status>
</kw>
<kw name="Get Text" library="SeleniumLibrary">
<doc>Returns the text value of element identified by ``locator``.</doc>
<arguments>
<arg>${投标信息页面-投标成功提示文字}</arg>
</arguments>
<assign>
<var>${投标成功提示}</var>
</assign>
<msg timestamp="20171217 16:59:04.858" level="INFO">${投标成功提示} = 投标成功！</msg>
<status status="PASS" starttime="20171217 16:59:04.827" endtime="20171217 16:59:04.858"></status>
</kw>
<msg timestamp="20171217 16:59:04.859" level="INFO">${投标成功提示文字} = 投标成功！</msg>
<status status="PASS" starttime="20171217 16:59:04.784" endtime="20171217 16:59:04.859"></status>
</kw>
<kw name="Should Contain" library="BuiltIn">
<doc>Fails if ``container`` does not contain ``item`` one or more times.</doc>
<arguments>
<arg>${投标成功提示文字}</arg>
<arg>${投标成功提示}</arg>
</arguments>
<status status="PASS" starttime="20171217 16:59:04.859" endtime="20171217 16:59:04.860"></status>
</kw>
<kw name="Comment" library="BuiltIn">
<doc>Displays the given messages in the log file as keyword arguments.</doc>
<arguments>
<arg>验证投标后余额是否正确</arg>
</arguments>
<status status="PASS" starttime="20171217 16:59:04.860" endtime="20171217 16:59:04.860"></status>
</kw>
<kw name="Sleep" library="BuiltIn">
<doc>Pauses the test executed for the given time.</doc>
<arguments>
<arg>1</arg>
</arguments>
<msg timestamp="20171217 16:59:05.862" level="INFO">Slept 1 second</msg>
<status status="PASS" starttime="20171217 16:59:04.860" endtime="20171217 16:59:05.862"></status>
</kw>
<kw name="关闭投标成功提示框_通过该框内x按钮" library="投标信息页">
<kw name="Wait Until Element Is Enabled" library="SeleniumLibrary">
<doc>Waits until element ``locator`` is enabled.</doc>
<arguments>
<arg>${投标信息页面-投标成功页面右上角x按钮}</arg>
<arg>30</arg>
</arguments>
<status status="PASS" starttime="20171217 16:59:05.864" endtime="20171217 16:59:05.901"></status>
</kw>
<kw name="Click Element" library="SeleniumLibrary">
<doc>Click element identified by ``locator``.</doc>
<arguments>
<arg>${投标信息页面-投标成功页面右上角x按钮}</arg>
</arguments>
<msg timestamp="20171217 16:59:05.902" level="INFO">Clicking element '//div[@class='layui-layer-content']//div//div//img[@src='/Public/frontend/images/close_pop.png']'.</msg>
<status status="PASS" starttime="20171217 16:59:05.902" endtime="20171217 16:59:05.963"></status>
</kw>
<status status="PASS" starttime="20171217 16:59:05.863" endtime="20171217 16:59:05.963"></status>
</kw>
<kw name="Sleep" library="BuiltIn">
<doc>Pauses the test executed for the given time.</doc>
<arguments>
<arg>0.5</arg>
</arguments>
<msg timestamp="20171217 16:59:06.465" level="INFO">Slept 500 milliseconds</msg>
<status status="PASS" starttime="20171217 16:59:05.964" endtime="20171217 16:59:06.465"></status>
</kw>
<kw name="点击我的账户按钮进入我的账户页面" library="首页">
<kw name="Wait Until Page Contains Element" library="SeleniumLibrary">
<doc>Waits until element ``locator`` appears on current page.</doc>
<arguments>
<arg>${首页-我的账户按钮}</arg>
</arguments>
<status status="PASS" starttime="20171217 16:59:06.466" endtime="20171217 16:59:06.486"></status>
</kw>
<kw name="Click Element" library="SeleniumLibrary">
<doc>Click element identified by ``locator``.</doc>
<arguments>
<arg>${首页-我的账户按钮}</arg>
</arguments>
<msg timestamp="20171217 16:59:06.487" level="INFO">Clicking element '//a[@href='/Member/index.html']'.</msg>
<status status="PASS" starttime="20171217 16:59:06.486" endtime="20171217 16:59:08.507"></status>
</kw>
<status status="PASS" starttime="20171217 16:59:06.465" endtime="20171217 16:59:08.507"></status>
</kw>
<kw name="获取余额" library="我的账户页">
<assign>
<var>${投标后余额}</var>
</assign>
<kw name="Wait Until Element Is Visible" library="SeleniumLibrary">
<doc>Waits until element ``locator`` is visible.</doc>
<arguments>
<arg>${我的账户页面-我的余额}</arg>
</arguments>
<status status="PASS" starttime="20171217 16:59:08.509" endtime="20171217 16:59:08.546"></status>
</kw>
<kw name="Get Text" library="SeleniumLibrary">
<doc>Returns the text value of element identified by ``locator``.</doc>
<arguments>
<arg>${我的账户页面-我的余额}</arg>
</arguments>
<assign>
<var>${余额_包含元字}</var>
</assign>
<msg timestamp="20171217 16:59:08.575" level="INFO">${余额_包含元字} = 88944300.00元</msg>
<status status="PASS" starttime="20171217 16:59:08.547" endtime="20171217 16:59:08.575"></status>
</kw>
<kw name="Split String" library="String">
<doc>Splits the ``string`` using ``separator`` as a delimiter string.</doc>
<arguments>
<arg>${余额_包含元字}</arg>
<arg>元</arg>
</arguments>
<assign>
<var>@{余额}</var>
</assign>
<msg timestamp="20171217 16:59:08.576" level="INFO">@{余额} = [ 88944300.00 |  ]</msg>
<status status="PASS" starttime="20171217 16:59:08.576" endtime="20171217 16:59:08.576"></status>
</kw>
<msg timestamp="20171217 16:59:08.577" level="INFO">${投标后余额} = 88944300.00</msg>
<status status="PASS" starttime="20171217 16:59:08.508" endtime="20171217 16:59:08.577"></status>
</kw>
<kw name="Evaluate" library="BuiltIn">
<doc>Evaluates the given expression in Python and returns the results.</doc>
<arguments>
<arg>${投资前余额}-${投标后余额}</arg>
</arguments>
<assign>
<var>${投资后余额减少的部分}</var>
</assign>
<msg timestamp="20171217 16:59:08.578" level="INFO">${投资后余额减少的部分} = 1000.0</msg>
<status status="PASS" starttime="20171217 16:59:08.577" endtime="20171217 16:59:08.578"></status>
</kw>
<kw name="Should Be Equal As Numbers" library="BuiltIn">
<doc>Fails if objects are unequal after converting them to real numbers.</doc>
<arguments>
<arg>${投标金额}</arg>
<arg>${投资后余额减少的部分}</arg>
</arguments>
<msg timestamp="20171217 16:59:08.579" level="INFO">Argument types are:
&lt;type 'unicode'&gt;
&lt;class 'float'&gt;</msg>
<status status="PASS" starttime="20171217 16:59:08.578" endtime="20171217 16:59:08.579"></status>
</kw>
<kw name="Comment" library="BuiltIn">
<doc>Displays the given messages in the log file as keyword arguments.</doc>
<arguments>
<arg>验证投标信息是否正确</arg>
</arguments>
<status status="PASS" starttime="20171217 16:59:08.579" endtime="20171217 16:59:08.580"></status>
</kw>
<kw name="获取投标成功后已投标信息(日期，时间，标名)" library="我的账户页">
<assign>
<var>@{投资记录中的投标信息}</var>
</assign>
<kw name="Wait Until Element Is Visible" library="SeleniumLibrary">
<doc>Waits until element ``locator`` is visible.</doc>
<arguments>
<arg>${我的账户页面-投资项目按钮}</arg>
</arguments>
<status status="PASS" starttime="20171217 16:59:08.580" endtime="20171217 16:59:08.641"></status>
</kw>
<kw name="Focus" library="SeleniumLibrary">
<doc>Deprecated. Use `Set Focus To Element` instead.</doc>
<arguments>
<arg>${我的账户页面-投资项目按钮}</arg>
</arguments>
<status status="PASS" starttime="20171217 16:59:08.641" endtime="20171217 16:59:08.655"></status>
</kw>
<kw name="Click Element" library="SeleniumLibrary">
<doc>Click element identified by ``locator``.</doc>
<arguments>
<arg>${我的账户页面-投资项目按钮}</arg>
</arguments>
<msg timestamp="20171217 16:59:08.656" level="INFO">Clicking element '//div[text()='投资项目']'.</msg>
<status status="PASS" starttime="20171217 16:59:08.656" endtime="20171217 16:59:08.715"></status>
</kw>
<kw name="Sleep" library="BuiltIn">
<doc>Pauses the test executed for the given time.</doc>
<arguments>
<arg>1</arg>
</arguments>
<msg timestamp="20171217 16:59:09.716" level="INFO">Slept 1 second</msg>
<status status="PASS" starttime="20171217 16:59:08.716" endtime="20171217 16:59:09.717"></status>
</kw>
<kw name="Wait Until Element Is Visible" library="SeleniumLibrary">
<doc>Waits until element ``locator`` is visible.</doc>
<arguments>
<arg>${我的账户页面-投资项目里第一个标的日期}</arg>
</arguments>
<status status="PASS" starttime="20171217 16:59:09.718" endtime="20171217 16:59:09.799"></status>
</kw>
<kw name="Get Text" library="SeleniumLibrary">
<doc>Returns the text value of element identified by ``locator``.</doc>
<arguments>
<arg>${我的账户页面-投资项目里第一个标的日期}</arg>
</arguments>
<assign>
<var>${我的账户页-投标日期}</var>
</assign>
<msg timestamp="20171217 16:59:09.829" level="INFO">${我的账户页-投标日期} = 2017-12-17</msg>
<status status="PASS" starttime="20171217 16:59:09.799" endtime="20171217 16:59:09.830"></status>
</kw>
<kw name="Get Text" library="SeleniumLibrary">
<doc>Returns the text value of element identified by ``locator``.</doc>
<arguments>
<arg>${我的账户页面-投资项目里第一个标的时间}</arg>
</arguments>
<assign>
<var>${我的账户页-投标时间}</var>
</assign>
<msg timestamp="20171217 16:59:09.869" level="INFO">${我的账户页-投标时间} = 16:59</msg>
<status status="PASS" starttime="20171217 16:59:09.830" endtime="20171217 16:59:09.869"></status>
</kw>
<kw name="Get Text" library="SeleniumLibrary">
<doc>Returns the text value of element identified by ``locator``.</doc>
<arguments>
<arg>${我的账户页面-投资项目里第一个标的名称}</arg>
</arguments>
<assign>
<var>${我的账户页-已投标名称}</var>
</assign>
<msg timestamp="20171217 16:59:09.910" level="INFO">${我的账户页-已投标名称} = RF专用</msg>
<status status="PASS" starttime="20171217 16:59:09.870" endtime="20171217 16:59:09.910"></status>
</kw>
<kw name="Create List" library="BuiltIn">
<doc>Returns a list containing given items.</doc>
<arguments>
<arg>${我的账户页-投标日期}</arg>
<arg>${我的账户页-投标时间}</arg>
<arg>${我的账户页-已投标名称}</arg>
</arguments>
<assign>
<var>@{已投标信息}</var>
</assign>
<msg timestamp="20171217 16:59:09.911" level="INFO">@{已投标信息} = [ 2017-12-17 | 16:59 | RF专用 ]</msg>
<status status="PASS" starttime="20171217 16:59:09.910" endtime="20171217 16:59:09.911"></status>
</kw>
<msg timestamp="20171217 16:59:09.912" level="INFO">@{投资记录中的投标信息} = [ 2017-12-17 | 16:59 | RF专用 ]</msg>
<status status="PASS" starttime="20171217 16:59:08.580" endtime="20171217 16:59:09.912"></status>
</kw>
<kw name="Should Be Equal" library="BuiltIn">
<doc>Fails if the given objects are unequal.</doc>
<arguments>
<arg>${投资记录中的投标信息[0]}</arg>
<arg>${此次投标时间[0]}</arg>
</arguments>
<status status="PASS" starttime="20171217 16:59:09.912" endtime="20171217 16:59:09.913"></status>
</kw>
<kw name="Should Be Equal" library="BuiltIn">
<doc>Fails if the given objects are unequal.</doc>
<arguments>
<arg>${投资记录中的投标信息[1]}</arg>
<arg>${此次投标时间[1]}</arg>
</arguments>
<status status="PASS" starttime="20171217 16:59:09.913" endtime="20171217 16:59:09.914"></status>
</kw>
<kw name="Should Be Equal" library="BuiltIn">
<doc>Fails if the given objects are unequal.</doc>
<arguments>
<arg>${投资记录中的投标信息[2]}</arg>
<arg>${此次投标完整标名}</arg>
</arguments>
<status status="PASS" starttime="20171217 16:59:09.914" endtime="20171217 16:59:09.915"></status>
</kw>
<kw name="Close Browser" library="SeleniumLibrary" type="teardown">
<doc>Closes the current browser.</doc>
<status status="PASS" starttime="20171217 16:59:09.915" endtime="20171217 16:59:12.967"></status>
</kw>
<tags>
<tag>投标测试</tag>
</tags>
<status status="PASS" starttime="20171217 16:58:46.005" endtime="20171217 16:59:12.968" critical="yes"></status>
</test>
<status status="PASS" starttime="20171217 16:58:45.844" endtime="20171217 16:59:12.972"></status>
</suite>
<status status="PASS" starttime="20171217 16:58:45.841" endtime="20171217 16:59:12.984"></status>
</suite>
<status status="PASS" starttime="20171217 16:58:45.818" endtime="20171217 16:59:12.991"></status>
</suite>
<statistics>
<total>
<stat pass="1" fail="0">Critical Tests</stat>
<stat pass="1" fail="0">All Tests</stat>
</total>
<tag>
<stat pass="1" fail="0">投标测试</stat>
</tag>
<suite>
<stat pass="1" fail="0" id="s1" name="LemonClassRF">LemonClassRF</stat>
<stat pass="1" fail="0" id="s1-s1" name="测试用例">LemonClassRF.测试用例</stat>
<stat pass="1" fail="0" id="s1-s1-s1" name="投标-测试用例">LemonClassRF.测试用例.投标-测试用例</stat>
</suite>
</statistics>
<errors>
</errors>
</robot>
